c:\users\zy113\vsprojects\leetcode\leetcode\debug\leetcode.pch
c:\users\zy113\vsprojects\leetcode\leetcode\debug\vc140.pdb
c:\users\zy113\vsprojects\leetcode\leetcode\debug\vc140.idb
c:\users\zy113\vsprojects\leetcode\leetcode\debug\stdafx.obj
c:\users\zy113\vsprojects\leetcode\leetcode\debug\getmaxrepetitions1.obj
c:\users\zy113\vsprojects\leetcode\leetcode\debug\isbipartite.obj
c:\users\zy113\vsprojects\leetcode\leetcode\debug\istoeplitzmatrix.obj
c:\users\zy113\vsprojects\leetcode\leetcode\debug\kmp.obj
c:\users\zy113\vsprojects\leetcode\leetcode\debug\laststoneweightii.obj
c:\users\zy113\vsprojects\leetcode\leetcode\debug\leetcode.obj
c:\users\zy113\vsprojects\leetcode\leetcode\debug\lengthoflongestsubstring.obj
c:\users\zy113\vsprojects\leetcode\leetcode\debug\maxarea.obj
c:\users\zy113\vsprojects\leetcode\leetcode\debug\maxsubarray.obj
c:\users\zy113\vsprojects\leetcode\leetcode\debug\numberofsubarrays.obj
c:\users\zy113\vsprojects\leetcode\leetcode\debug\numislands.obj
c:\users\zy113\vsprojects\leetcode\leetcode\debug\permute.obj
c:\users\zy113\vsprojects\leetcode\leetcode\debug\phoneproductivity.obj
c:\users\zy113\vsprojects\leetcode\leetcode\debug\reversepairs.obj
c:\users\zy113\vsprojects\leetcode\leetcode\debug\rightsideview.obj
c:\users\zy113\vsprojects\leetcode\leetcode\debug\screenunlockmodes.obj
c:\users\zy113\vsprojects\leetcode\leetcode\debug\search.obj
c:\users\zy113\vsprojects\leetcode\leetcode\debug\singlenumbers.obj
c:\users\zy113\vsprojects\leetcode\leetcode\debug\solvesudoku.obj
c:\users\zy113\vsprojects\leetcode\leetcode\debug\waystochange.obj
c:\users\zy113\vsprojects\leetcode\leetcode\debug\canjump.obj
c:\users\zy113\vsprojects\leetcode\leetcode\debug\digitsmultiply.obj
c:\users\zy113\vsprojects\leetcode\leetcode\debug\findinmountainarray.obj
c:\users\zy113\vsprojects\leetcode\leetcode\debug\getmaxrepetitions.obj
c:\users\zy113\vsprojects\leetcode\debug\leetcode.ilk
c:\users\zy113\vsprojects\leetcode\debug\leetcode.exe
c:\users\zy113\vsprojects\leetcode\debug\leetcode.pdb
c:\users\zy113\vsprojects\leetcode\leetcode\debug\leetcode.tlog\cl.command.1.tlog
c:\users\zy113\vsprojects\leetcode\leetcode\debug\leetcode.tlog\cl.read.1.tlog
c:\users\zy113\vsprojects\leetcode\leetcode\debug\leetcode.tlog\cl.write.1.tlog
c:\users\zy113\vsprojects\leetcode\leetcode\debug\leetcode.tlog\link.command.1.tlog
c:\users\zy113\vsprojects\leetcode\leetcode\debug\leetcode.tlog\link.read.1.tlog
c:\users\zy113\vsprojects\leetcode\leetcode\debug\leetcode.tlog\link.write.1.tlog
